app/build/intermediates/manifest_merge_blame_file/debug/manifest-merger-blame-debug-report.txt
1<?xml version="1.0" encoding="utf-8"?>
2<manifest xmlns:android="http://schemas.android.com/apk/res/android"
3    package="com.example.anotherfirstapp"
4    android:versionCode="1"
5    android:versionName="1.0" >
6
7    <uses-sdk
8        android:minSdkVersion="19"
8-->src\main\AndroidManifest.xml
9        android:targetSdkVersion="28" />
9-->src\main\AndroidManifest.xml
10
11    <uses-permission android:name="android.permission.INTERNET" />
11-->src\main\AndroidManifest.xml:5:5-67
11-->src\main\AndroidManifest.xml:5:22-64
12
13    <application
13-->src\main\AndroidManifest.xml:7:5-37:19
14        android:allowBackup="true"
14-->src\main\AndroidManifest.xml:8:9-35
15        android:appComponentFactory="androidx.core.app.CoreComponentFactory"
15-->[androidx.core:core:1.1.0] AndroidManifest.xml:24:18-86
16        android:debuggable="true"
17        android:icon="@mipmap/ic_launcher"
17-->src\main\AndroidManifest.xml:9:9-43
18        android:label="@string/app_name"
18-->src\main\AndroidManifest.xml:10:9-41
19        android:roundIcon="@mipmap/ic_launcher_round"
19-->src\main\AndroidManifest.xml:11:9-54
20        android:supportsRtl="true"
20-->src\main\AndroidManifest.xml:12:9-35
21        android:testOnly="true"
22        android:theme="@style/AppTheme" >
22-->src\main\AndroidManifest.xml:13:9-40
23        <activity android:name="com.example.anotherfirstapp.myWebView" />
23-->src\main\AndroidManifest.xml:14:9-56
23-->src\main\AndroidManifest.xml:14:19-44
24        <activity
24-->src\main\AndroidManifest.xml:15:9-17:55
25            android:name="com.example.anotherfirstapp.CurrentlyReading"
25-->src\main\AndroidManifest.xml:16:13-45
26            android:label="Currently Reading Books" />
26-->src\main\AndroidManifest.xml:17:13-52
27        <activity
27-->src\main\AndroidManifest.xml:18:9-20:50
28            android:name="com.example.anotherfirstapp.AlreadyReadActivity"
28-->src\main\AndroidManifest.xml:19:13-48
29            android:label="Already Read Books" />
29-->src\main\AndroidManifest.xml:20:13-47
30        <activity
30-->src\main\AndroidManifest.xml:21:9-23:50
31            android:name="com.example.anotherfirstapp.WantToActivity"
31-->src\main\AndroidManifest.xml:22:13-43
32            android:label="Want To Read Books" />
32-->src\main\AndroidManifest.xml:23:13-47
33        <activity
33-->src\main\AndroidManifest.xml:24:9-26:37
34            android:name="com.example.anotherfirstapp.BookActivity"
34-->src\main\AndroidManifest.xml:25:13-41
35            android:label="Books" />
35-->src\main\AndroidManifest.xml:26:13-34
36        <activity
36-->src\main\AndroidManifest.xml:27:9-29:41
37            android:name="com.example.anotherfirstapp.AllBooksActivity"
37-->src\main\AndroidManifest.xml:28:13-45
38            android:label="All Books" />
38-->src\main\AndroidManifest.xml:29:13-38
39        <activity android:name="com.example.anotherfirstapp.MainActivity" >
39-->src\main\AndroidManifest.xml:30:9-36:20
39-->src\main\AndroidManifest.xml:30:19-47
40            <intent-filter>
40-->src\main\AndroidManifest.xml:31:13-35:29
41                <action android:name="android.intent.action.MAIN" />
41-->src\main\AndroidManifest.xml:32:17-69
41-->src\main\AndroidManifest.xml:32:25-66
42
43                <category android:name="android.intent.category.LAUNCHER" />
43-->src\main\AndroidManifest.xml:34:17-77
43-->src\main\AndroidManifest.xml:34:27-74
44            </intent-filter>
45        </activity>
46    </application>
47
48</manifest>